#0 building with "default" instance using docker driver

#1 [internal] load .dockerignore
#1 transferring context: 2B done
#1 DONE 0.0s

#2 [internal] load build definition from Dockerfile
#2 transferring dockerfile: 503B done
#2 DONE 0.0s

#3 [internal] load metadata for docker.io/nixos/nix:latest
#3 DONE 0.5s

#4 [builder 1/8] FROM docker.io/nixos/nix@sha256:3f6c77ee4d2c82e472e64e6cd7087241dc391421a0b42c22e6849c586d5398d9
#4 DONE 0.0s

#5 [builder 2/8] WORKDIR /app
#5 CACHED

#6 [internal] load build context
#6 transferring context: 2.84MB 0.4s done
#6 DONE 0.4s

#7 [builder 3/8] COPY . .
#7 DONE 10.7s

#8 [builder 4/8] RUN nix develop --extra-experimental-features nix-command --extra-experimental-features flakes
#8 0.173 warning: Git tree '/app' is dirty
#8 0.853 copying path '/nix/store/3kwj19dbdfxnjbcns4hw307ylhz3wgrm-source' from 'https://cache.nixos.org'...
#8 10.71 copying path '/nix/store/a2fqd5k8ymb2cadb5awp5b90a5m8acln-gcc-13.2.0-libgcc' from 'https://cache.nixos.org'...
#8 10.71 copying path '/nix/store/x1lr71p3jqsy443jz0ravm3fv9yr2x0y-gnu-config-2023-09-19' from 'https://cache.nixos.org'...
#8 10.71 copying path '/nix/store/rxganm4ibf31qngal3j3psp20mak37yy-xgcc-13.2.0-libgcc' from 'https://cache.nixos.org'...
#8 10.71 copying path '/nix/store/7n0mbqydcipkpbxm24fab066lxk68aqk-libunistring-1.1' from 'https://cache.nixos.org'...
#8 10.71 copying path '/nix/store/w6bbcbc0cjpw6fvpj3fs04hph37i2pgh-linux-headers-6.7' from 'https://cache.nixos.org'...
#8 10.71 copying path '/nix/store/7vvggrs9367d3g9fl23vjfyvsv10gb0r-mailcap-2.1.53' from 'https://cache.nixos.org'...
#8 10.71 copying path '/nix/store/3iif26qryhxsbb0vbyq5wir6i6hzss43-mirrors-list' from 'https://cache.nixos.org'...
#8 10.71 copying path '/nix/store/s1wmpnb0pyxh1idkmxc3n9hnbfgj67c0-tzdata-2024a' from 'https://cache.nixos.org'...
#8 10.71 copying path '/nix/store/63mwrzi2k5kyh5m62zwczbs8l0xny7xg-curl-8.6.0-man' from 'https://cache.nixos.org'...
#8 10.71 copying path '/nix/store/7gxiwiinmpry35j2pm4pmgvimi04mm6a-nghttp2-1.60.0' from 'https://cache.nixos.org'...
#8 10.73 copying path '/nix/store/9la7flpks9z89djvmmblzzs4fqvhwgzg-update-autotools-gnu-config-scripts-hook' from 'https://cache.nixos.org'...
#8 10.75 copying path '/nix/store/s32cldbh9pfzd9z82izi12mdlrw0yf8q-libidn2-2.3.7' from 'https://cache.nixos.org'...
#8 10.78 copying path '/nix/store/ddwyrxif62r8n6xclvskjyy6szdhvj60-glibc-2.39-5' from 'https://cache.nixos.org'...
#8 11.13 copying path '/nix/store/7i768y3q30fx0qgajwdp9m7bzj13xiyg-attr-2.5.2' from 'https://cache.nixos.org'...
#8 11.13 copying path '/nix/store/a1s263pmsci9zykm5xcdf7x9rv26w6d5-bash-5.2p26' from 'https://cache.nixos.org'...
#8 11.13 copying path '/nix/store/qalpwiwbrqfn9nynp7qm8sif2rqzcpxd-bzip2-1.0.8' from 'https://cache.nixos.org'...
#8 11.13 copying path '/nix/store/b5lblag9apih8iwbndwayf47ng6d6r78-ed-1.20.1' from 'https://cache.nixos.org'...
#8 11.13 copying path '/nix/store/ja7w6g3dqgszp4gbyv81005bxpas2chv-expand-response-params' from 'https://cache.nixos.org'...
#8 11.13 copying path '/nix/store/ls9w149qi4whkfy4vwirqq9bj40lr82k-expand-response-params' from 'https://cache.nixos.org'...
#8 11.13 copying path '/nix/store/2s1h0q7xhk33nsw90l0g53bxax0d19ih-gawk-5.2.2' from 'https://cache.nixos.org'...
#8 11.13 copying path '/nix/store/c2yb135iv4maadia5f760b3xhbh6jh61-gcc-13.2.0-lib' from 'https://cache.nixos.org'...
#8 11.13 copying path '/nix/store/07d50mdmgx2d1p4dr7czfwh6z5kwa9h2-gdbm-1.23' from 'https://cache.nixos.org'...
#8 11.13 copying path '/nix/store/xzpjv3z4mrbagnj2wzwx1snxlkl6k0lj-gmp-6.3.0' from 'https://cache.nixos.org'...
#8 11.13 copying path '/nix/store/fpv9yd0mwm1lyph02j9bdyxbjz8vaxzy-glibc-2.39-5-bin' from 'https://cache.nixos.org'...
#8 11.13 copying path '/nix/store/pg3wkw0as88676ib4ckbibrfwy5c5vzg-gnumake-4.4.1' from 'https://cache.nixos.org'...
#8 11.13 copying path '/nix/store/vcxkk3l25hlix62aivl2prfhpczrvymp-expat-2.6.2' from 'https://cache.nixos.org'...
#8 11.13 copying path '/nix/store/237dff1igc3v09p9r23a37yw8dr04bv6-gnused-4.9' from 'https://cache.nixos.org'...
#8 11.13 copying path '/nix/store/d5wvzzmqx3dkmp36r1vzz69gak6x5bkx-keyutils-1.6.3-lib' from 'https://cache.nixos.org'...
#8 11.14 copying path '/nix/store/f8ipgi6l1n1c0wr1r5aj40phnd6fkmv8-libffi-3.4.6' from 'https://cache.nixos.org'...
#8 11.16 copying path '/nix/store/qa3mv3niykbdycn9xsm1xbcf7gxs74sa-libxcrypt-4.4.36' from 'https://cache.nixos.org'...
#8 11.16 copying path '/nix/store/4n460p9jvk41b45iyc7xqihsy1nnaxrm-lndir-1.0.4' from 'https://cache.nixos.org'...
#8 11.16 copying path '/nix/store/j2rrlc50giwlhqbzm2ckxkxb8y9x7aqb-mpdecimal-4.0.0' from 'https://cache.nixos.org'...
#8 11.16 copying path '/nix/store/zszylfdccccpmqnmzdav3bx7yvlrffg2-ncurses-6.4' from 'https://cache.nixos.org'...
#8 11.16 copying path '/nix/store/3bdjxil2cz8dkd6l5sf4qalla762m99d-bzip2-1.0.8-bin' from 'https://cache.nixos.org'...
#8 11.17 copying path '/nix/store/7d4h6k9rmh0gy39s024ggkbkasspsb4n-acl-2.3.2' from 'https://cache.nixos.org'...
#8 11.17 copying path '/nix/store/lv8g93ixgg5wdr2cf59vvspxf04cxp8i-nghttp2-1.60.0-lib' from 'https://cache.nixos.org'...
#8 11.17 copying path '/nix/store/4z2wmcwplpipyb7dbfpzi9kh95k4fg1f-openssl-3.0.13' from 'https://cache.nixos.org'...
#8 11.17 copying path '/nix/store/p25ghy7y53lyc834xnw5mrhfq096wa4x-openssl-3.0.13' from 'https://cache.nixos.org'...
#8 11.19 copying path '/nix/store/bf9rz7vvxannxp15wfi7x0bx5b68ky7z-patch-2.7.6' from 'https://cache.nixos.org'...
#8 11.20 copying path '/nix/store/vnfi66rm1dykn8gwwy5i4f48bhbk9x6x-gzip-1.13' from 'https://cache.nixos.org'...
#8 11.22 copying path '/nix/store/gzxqm8dyfirbysqjhh78ivam62ll0m87-glibc-2.39-5-dev' from 'https://cache.nixos.org'...
#8 11.22 copying path '/nix/store/9b16z4b0kclc5kkq7i8cxasimdvbrbv9-isl-0.20' from 'https://cache.nixos.org'...
#8 11.22 copying path '/nix/store/8g5z0fnb4yhar4xp4v3a0sjqfg167czc-libkrb5-1.21.2' from 'https://cache.nixos.org'...
#8 11.22 copying path '/nix/store/c5xk91xn58ga08zaz55cdgypr7qxqbgl-mpfr-4.2.1' from 'https://cache.nixos.org'...
#8 11.23 copying path '/nix/store/5sqdrc4jpr4vjiiqycyw8q4v3zchpdka-pcre2-10.43' from 'https://cache.nixos.org'...
#8 11.23 copying path '/nix/store/scc6p052526m5cky3p74d4749bpfjml3-pkg-config-0.29.2' from 'https://cache.nixos.org'...
#8 11.23 copying path '/nix/store/g1blmfb2qsy6wk811vr04hzw90c0asgy-xz-5.4.6' from 'https://cache.nixos.org'...
#8 11.24 copying path '/nix/store/zph9xw0drmq3rl2ik5slg0n2frw9lw5m-zlib-1.3.1' from 'https://cache.nixos.org'...
#8 11.24 copying path '/nix/store/xwvgwr85gghbl66kj30sp19p2y1cypqv-gnutar-1.35' from 'https://cache.nixos.org'...
#8 11.24 copying path '/nix/store/2p4mvqk5hgqi5qg0cqhg3s2mwksgzm19-nghttp2-1.60.0-dev' from 'https://cache.nixos.org'...
#8 11.26 copying path '/nix/store/n32h02pn52pk38m0p00wh7f2ri8xrh8h-gmp-with-cxx-6.3.0' from 'https://cache.nixos.org'...
#8 11.27 copying path '/nix/store/43n2dxi419b1jgv2bq1xg7y6n8k66xpb-patchelf-0.15.0' from 'https://cache.nixos.org'...
#8 11.32 copying path '/nix/store/0dwig9jm9xl51gd23j2b4pp74vx3yl0i-openssl-3.0.13-bin' from 'https://cache.nixos.org'...
#8 11.33 copying path '/nix/store/0xxbiqzbcqqgd3ghyqpr7wc4wfffbq26-binutils-2.41-lib' from 'https://cache.nixos.org'...
#8 11.33 copying path '/nix/store/j3f0hag67n4piz2avqgf07gja8a2ifn6-file-5.45' from 'https://cache.nixos.org'...
#8 11.35 copying path '/nix/store/kwwslskxyai0qwkrbw9zzlj9znv54d00-libssh2-1.11.0' from 'https://cache.nixos.org'...
#8 11.35 copying path '/nix/store/1w71mlr329lqpjbws9q3hzxvq6zzi5z3-sqlite-3.45.2' from 'https://cache.nixos.org'...
#8 11.35 copying path '/nix/store/fyxva0kkcmaigwk4218l0zdy8z3s9sj3-pkg-config-wrapper-0.29.2' from 'https://cache.nixos.org'...
#8 11.35 copying path '/nix/store/jdg5lv2j7d765h8pn73qz72lilxrcb5x-xz-5.4.6-bin' from 'https://cache.nixos.org'...
#8 11.35 copying path '/nix/store/af81s49bcy6mxr2l1wi59jazm6qflg4a-openssl-3.0.13-bin' from 'https://cache.nixos.org'...
#8 11.35 copying path '/nix/store/avqi5nnx7qydr078ssgifc2hgzqipqgx-gnugrep-3.11' from 'https://cache.nixos.org'...
#8 11.36 copying path '/nix/store/ivy89ghwp7b14b5a3qcci8bgmi9wad27-libmpc-1.3.1' from 'https://cache.nixos.org'...
#8 11.36 copying path '/nix/store/ck798rzkw7rwk5qsz1wka0y03yr2r09f-sqlx-cli-0.7.4' from 'https://cache.nixos.org'...
#8 11.37 copying path '/nix/store/vywh7gm1iq10l93wfax9r35qx4ncldm0-readline-8.2p10' from 'https://cache.nixos.org'...
#8 11.37 copying path '/nix/store/znghzib6sz0pnpq5b6k2rl3r7wdcjvjw-zlib-1.3.1-dev' from 'https://cache.nixos.org'...
#8 11.38 copying path '/nix/store/d8ggdgyj1n2q76xa3lcpgr3qw6rdgz7j-libkrb5-1.21.2-dev' from 'https://cache.nixos.org'...
#8 11.38 copying path '/nix/store/ifzwv2xqwdnv1gz87rxkizi67py5p3vj-coreutils-9.4' from 'https://cache.nixos.org'...
#8 11.39 copying path '/nix/store/8l8y5ims2s8gvmnk1mchv4y198i6qg73-openssl-3.0.13-dev' from 'https://cache.nixos.org'...
#8 11.41 copying path '/nix/store/a3mmr5jmrd0sjvmnc9vqvs388ppq1bnf-gcc-13.2.0' from 'https://cache.nixos.org'...
#8 11.41 copying path '/nix/store/5sx7ri1xfyhranixqbsw3q1aq4k8l2i5-curl-8.6.0' from 'https://cache.nixos.org'...
#8 11.41 copying path '/nix/store/23wj46rlzy1vda0mkh4n33a1bbs294sm-openssl-3.0.13-dev' from 'https://cache.nixos.org'...
#8 11.42 copying path '/nix/store/hqvni28zpibl6jsqqimcvng6h6qm58xy-binutils-2.41' from 'https://cache.nixos.org'...
#8 11.45 copying path '/nix/store/gd3shnza1i50zn8zs04fa729ribr88m9-python3-3.11.8' from 'https://cache.nixos.org'...
#8 11.49 copying path '/nix/store/ksyif7fp4p0baafvdm5szd375s7qf6cz-diffutils-3.10' from 'https://cache.nixos.org'...
#8 11.49 copying path '/nix/store/jg2i1qj5js5ckzvfq5b9p9j1gcv69750-findutils-4.9.0' from 'https://cache.nixos.org'...
#8 11.49 copying path '/nix/store/5ln4r8vy62x3914l2giwhw6yvcbynpmw-libssh2-1.11.0-dev' from 'https://cache.nixos.org'...
#8 11.51 copying path '/nix/store/468zzfrbh570llrs9vql5y0qprd18lvy-curl-8.6.0-bin' from 'https://cache.nixos.org'...
#8 11.61 copying path '/nix/store/zykyv2faxz6s1l2pdn6i7i5hb5r5wri6-stdenv-linux' from 'https://cache.nixos.org'...
#8 11.61 copying path '/nix/store/y5dr9k8ys65dr9x1hq9ij2ddysr83vkm-curl-8.6.0-dev' from 'https://cache.nixos.org'...
#8 11.73 building '/nix/store/l2qs8c1hxiz7pbnfhwm8c8abz7ny4655-cargo-nightly-x86_64-unknown-linux-gnu.tar.xz.drv'...
#8 11.78 copying path '/nix/store/jsjfmx7r6cpyixxsg7bjl5cy3y8hw7k7-binutils-wrapper-2.41' from 'https://cache.nixos.org'...
#8 11.78 copying path '/nix/store/li6hvanskij8agwk8vcjlwisvbjpyi0c-binutils-wrapper-2.41' from 'https://cache.nixos.org'...
#8 12.99 building '/nix/store/dp8g4k9ngj86n92n1dq7s0zrlsa57xqf-clippy-nightly-x86_64-unknown-linux-gnu.tar.xz.drv'...
#8 13.16 copying path '/nix/store/6a6c58f04183pmnq795lpvn35fdyiaxx-python3.11-pyelftools-0.30' from 'https://cache.nixos.org'...
#8 13.43 copying path '/nix/store/n7vid2xx7h3arpabsif5jzz3cnsg207n-python3-3.11.8-env' from 'https://cache.nixos.org'...
#8 13.53 building '/nix/store/zg4m292az4bwyx24672l79j555cv3ps9-rust-analyzer-nightly-x86_64-unknown-linux-gnu.tar.xz.drv'...
#8 13.88 copying path '/nix/store/f6y9129l5bv6i58aah4ikk9khm8xbiji-auto-patchelf-hook' from 'https://cache.nixos.org'...
#8 13.95 copying path '/nix/store/ac1hb5dc2z4biwgy8mjrhlifffkkrvdq-gcc-wrapper-13.2.0' from 'https://cache.nixos.org'...
#8 14.00 copying path '/nix/store/v5lsd029lz5lfhamivbgqyp3zdv94ah2-stdenv-linux' from 'https://cache.nixos.org'...
#8 14.19 building '/nix/store/dhj9x8wh4wx7fkphpb72avcxh4gnwbxj-cargo-1.79.0-nightly-2024-04-17-x86_64-unknown-linux-gnu.drv'...
#8 15.14 building '/nix/store/4rjjz9aww28whpfvb4yxj4qcci1i0r02-rust-docs-nightly-x86_64-unknown-linux-gnu.tar.xz.drv'...
#8 15.86 building '/nix/store/0wvl4f2lr17lb3ynlwaid0ks5qfrh8bb-rust-src-nightly.tar.xz.drv'...
#8 16.35 building '/nix/store/skpnaxck4bbnmp9mgjywg2hql57c3dci-rust-docs-1.79.0-nightly-2024-04-17-x86_64-unknown-linux-gnu.drv'...
#8 24.73 building '/nix/store/ik3mi1n2rpyhvhz9rs6wy33wn6zl56f1-rust-src-1.79.0-nightly-2024-04-17-x86_64-unknown-linux-gnu.drv'...
#8 26.57 building '/nix/store/7bhghnb35fcss9c0gn9s98ppl05md40x-rust-std-nightly-x86_64-unknown-linux-gnu.tar.xz.drv'...
#8 27.77 building '/nix/store/7afg36f421h4f4cqldjwma9yhyizyl08-rustc-nightly-x86_64-unknown-linux-gnu.tar.xz.drv'...
#8 30.57 building '/nix/store/fq3vy887s0g6hjjpgw7ip9sfyv4hzx8f-rust-std-1.79.0-nightly-2024-04-17-x86_64-unknown-linux-gnu.drv'...
#8 32.31 building '/nix/store/ihbkarvwi0a7vlld78dkgag0his5fmqz-rustc-1.79.0-nightly-2024-04-17-x86_64-unknown-linux-gnu.drv'...
#8 37.23 building '/nix/store/aly3a060a1wcscc6059pwf6jn3qagc3m-rustfmt-nightly-x86_64-unknown-linux-gnu.tar.xz.drv'...
#8 37.72 building '/nix/store/bpwnki8xlgz91wmnc0izr8sk46kfsqax-clippy-preview-1.79.0-nightly-2024-04-17-x86_64-unknown-linux-gnu.drv'...
#8 38.15 building '/nix/store/japikz0b71qq86h55n4d282mbsjrpnkb-rust-analyzer-preview-1.79.0-nightly-2024-04-17-x86_64-unknown-linux-gnu.drv'...
#8 38.98 building '/nix/store/0rdhcxa0w13z7ikhjjvpq0acaiwmqjj0-rustfmt-preview-1.79.0-nightly-2024-04-17-x86_64-unknown-linux-gnu.drv'...
#8 39.41 building '/nix/store/kzp4ayxqvg5qy57mbx43msnckgzkg5iv-rust-default-1.79.0-nightly-2024-04-17.drv'...
#8 44.03 building '/nix/store/rb3vi51fw2gcppijp9xbz9f7vsf3hjig-nix-shell-env.drv'...
#8 44.53 these 2 paths will be fetched (1.18 MiB download, 6.97 MiB unpacked):
#8 44.53   /nix/store/8wdjzjs2cd19la06lqgf48y6xpbylbqx-bash-interactive-5.2p26
#8 44.53   /nix/store/4vyqrkibgfx2h812s020zv9wvh5ng4bl-bash-interactive-5.2p26-man
#8 44.53 copying path '/nix/store/4vyqrkibgfx2h812s020zv9wvh5ng4bl-bash-interactive-5.2p26-man' from 'https://cache.nixos.org'...
#8 44.53 copying path '/nix/store/8wdjzjs2cd19la06lqgf48y6xpbylbqx-bash-interactive-5.2p26' from 'https://cache.nixos.org'...
#8 DONE 45.2s

#9 [builder 5/8] RUN echo "rustc version: $(rustc --version)"
#9 0.209 /bin/sh: line 1: rustc: command not found
#9 0.209 rustc version: 
#9 DONE 0.2s

#10 [builder 6/8] RUN echo "cargo version: $(cargo --version)"
#10 0.205 /bin/sh: line 1: cargo: command not found
#10 0.205 cargo version: 
#10 DONE 0.2s

#11 [builder 7/8] RUN echo "cargo build --release"
#11 0.164 cargo build --release
#11 DONE 0.2s

#12 [builder 8/8] RUN cargo build --release
#12 0.228 /bin/sh: line 1: cargo: command not found
#12 ERROR: process "/bin/sh -c cargo build --release" did not complete successfully: exit code: 127
------
 > [builder 8/8] RUN cargo build --release:
0.228 /bin/sh: line 1: cargo: command not found
------
Dockerfile:11
--------------------
   9 |     RUN echo "cargo version: $(cargo --version)"
  10 |     RUN echo "cargo build --release"
  11 | >>> RUN cargo build --release
  12 |     
  13 |     FROM nixos/nix
--------------------
ERROR: failed to solve: process "/bin/sh -c cargo build --release" did not complete successfully: exit code: 127
